<?xml version="1.0" encoding="UTF-8"?>
<coverage generated="1583871626812" clover="3.2.0">
  <project timestamp="1583871626812" name="All files">
    <metrics statements="42" coveredstatements="34" conditionals="18" coveredconditionals="13" methods="14" coveredmethods="11" elements="74" coveredelements="58" complexity="0" loc="42" ncloc="42" packages="2" files="3" classes="3">
      <package name="src">
        <metrics statements="3" coveredstatements="0" conditionals="0" coveredconditionals="0" methods="1" coveredmethods="0"/>
        <file name="App.vue" path="/Users/vanessacruz/Documents/workspace/Vouch/vouch/src/App.vue">
          <metrics statements="3" coveredstatements="0" conditionals="0" coveredconditionals="0" methods="1" coveredmethods="0"/>
          <line num="18" count="0" type="stmt"/>
          <line num="19" count="0" type="stmt"/>
          <line num="27" count="0" type="stmt"/>
        </file>
      </package>
      <package name="src.components">
        <metrics statements="39" coveredstatements="34" conditionals="18" coveredconditionals="13" methods="13" coveredmethods="11"/>
        <file name="FlashCard.vue" path="/Users/vanessacruz/Documents/workspace/Vouch/vouch/src/components/FlashCard.vue">
          <metrics statements="20" coveredstatements="16" conditionals="6" coveredconditionals="4" methods="6" coveredmethods="5"/>
          <line num="28" count="1" type="stmt"/>
          <line num="35" count="0" type="stmt"/>
          <line num="46" count="3" type="stmt"/>
          <line num="56" count="2" type="cond" truecount="2" falsecount="0"/>
          <line num="57" count="1" type="stmt"/>
          <line num="58" count="1" type="stmt"/>
          <line num="59" count="1" type="stmt"/>
          <line num="65" count="1" type="stmt"/>
          <line num="70" count="1" type="cond" truecount="1" falsecount="1"/>
          <line num="71" count="1" type="stmt"/>
          <line num="79" count="1" type="cond" truecount="1" falsecount="1"/>
          <line num="80" count="1" type="stmt"/>
          <line num="81" count="1" type="stmt"/>
          <line num="82" count="1" type="stmt"/>
          <line num="83" count="1" type="stmt"/>
          <line num="84" count="1" type="stmt"/>
          <line num="85" count="1" type="stmt"/>
          <line num="87" count="0" type="stmt"/>
          <line num="88" count="0" type="stmt"/>
          <line num="89" count="0" type="stmt"/>
        </file>
        <file name="TriviaGame.vue" path="/Users/vanessacruz/Documents/workspace/Vouch/vouch/src/components/TriviaGame.vue">
          <metrics statements="19" coveredstatements="18" conditionals="12" coveredconditionals="9" methods="7" coveredmethods="6"/>
          <line num="25" count="2" type="stmt"/>
          <line num="34" count="0" type="stmt"/>
          <line num="41" count="2" type="stmt"/>
          <line num="52" count="2" type="cond" truecount="4" falsecount="0"/>
          <line num="53" count="1" type="stmt"/>
          <line num="54" count="1" type="cond" truecount="3" falsecount="1"/>
          <line num="55" count="1" type="stmt"/>
          <line num="56" count="1" type="stmt"/>
          <line num="57" count="1" type="stmt"/>
          <line num="58" count="1" type="stmt"/>
          <line num="62" count="4" type="stmt"/>
          <line num="63" count="4" type="stmt"/>
          <line num="64" count="4" type="stmt"/>
          <line num="67" count="1" type="cond" truecount="1" falsecount="1"/>
          <line num="68" count="1" type="stmt"/>
          <line num="69" count="1" type="cond" truecount="1" falsecount="1"/>
          <line num="70" count="1" type="stmt"/>
          <line num="75" count="1" type="stmt"/>
          <line num="78" count="1" type="stmt"/>
        </file>
      </package>
    </metrics>
  </project>
</coverage>
