{"/Users/vanessacruz/Documents/workspace/Vouch/vouch/src/App.vue": {"path":"/Users/vanessacruz/Documents/workspace/Vouch/vouch/src/App.vue","statementMap":{"0":{"start":{"line":18,"column":0},"end":{"line":null,"column":-1}},"1":{"start":{"line":19,"column":0},"end":{"line":null,"column":-1}},"2":{"start":{"line":27,"column":0},"end":{"line":null,"column":-1}}},"fnMap":{"0":{"name":"data","decl":{"start":{"line":26,"column":0},"end":{"line":null,"column":-1}},"loc":{"start":{"line":26,"column":0},"end":{"line":30,"column":0}}}},"branchMap":{},"s":{"0":0,"1":0,"2":0},"f":{"0":0},"b":{}}
,"/Users/vanessacruz/Documents/workspace/Vouch/vouch/src/components/FlashCard.vue": {"path":"/Users/vanessacruz/Documents/workspace/Vouch/vouch/src/components/FlashCard.vue","statementMap":{"0":{"start":{"line":28,"column":0},"end":{"line":null,"column":-1}},"1":{"start":{"line":35,"column":0},"end":{"line":null,"column":-1}},"2":{"start":{"line":46,"column":0},"end":{"line":null,"column":-1}},"3":{"start":{"line":56,"column":0},"end":{"line":67,"column":0}},"4":{"start":{"line":57,"column":0},"end":{"line":null,"column":-1}},"5":{"start":{"line":58,"column":0},"end":{"line":null,"column":-1}},"6":{"start":{"line":59,"column":0},"end":{"line":null,"column":-1}},"7":{"start":{"line":65,"column":0},"end":{"line":null,"column":-1}},"8":{"start":{"line":70,"column":0},"end":{"line":76,"column":0}},"9":{"start":{"line":71,"column":0},"end":{"line":null,"column":-1}},"10":{"start":{"line":79,"column":0},"end":{"line":90,"column":0}},"11":{"start":{"line":80,"column":0},"end":{"line":null,"column":-1}},"12":{"start":{"line":81,"column":0},"end":{"line":null,"column":-1}},"13":{"start":{"line":82,"column":0},"end":{"line":null,"column":-1}},"14":{"start":{"line":83,"column":0},"end":{"line":null,"column":-1}},"15":{"start":{"line":84,"column":0},"end":{"line":null,"column":-1}},"16":{"start":{"line":85,"column":0},"end":{"line":null,"column":-1}},"17":{"start":{"line":87,"column":0},"end":{"line":null,"column":-1}},"18":{"start":{"line":88,"column":0},"end":{"line":null,"column":-1}},"19":{"start":{"line":89,"column":0},"end":{"line":null,"column":-1}}},"fnMap":{"0":{"name":"_default","decl":{"start":{"line":28,"column":0},"end":{"line":null,"column":-1}},"loc":{"start":{"line":28,"column":0},"end":{"line":null,"column":-1}}},"1":{"name":"_default","decl":{"start":{"line":35,"column":0},"end":{"line":null,"column":-1}},"loc":{"start":{"line":35,"column":0},"end":{"line":null,"column":-1}}},"2":{"name":"data","decl":{"start":{"line":45,"column":0},"end":{"line":null,"column":-1}},"loc":{"start":{"line":45,"column":0},"end":{"line":53,"column":0}}},"3":{"name":"submitAnswer","decl":{"start":{"line":55,"column":0},"end":{"line":null,"column":-1}},"loc":{"start":{"line":55,"column":0},"end":{"line":68,"column":0}}},"4":{"name":"seeAnswer","decl":{"start":{"line":69,"column":0},"end":{"line":null,"column":-1}},"loc":{"start":{"line":69,"column":0},"end":{"line":77,"column":0}}},"5":{"name":"nextQuestion","decl":{"start":{"line":78,"column":0},"end":{"line":null,"column":-1}},"loc":{"start":{"line":78,"column":0},"end":{"line":91,"column":0}}}},"branchMap":{"0":{"loc":{"start":{"line":56,"column":0},"end":{"line":67,"column":0}},"type":"if","locations":[{"start":{"line":56,"column":0},"end":{"line":67,"column":0}},{"start":{"line":56,"column":0},"end":{"line":67,"column":0}}]},"1":{"loc":{"start":{"line":70,"column":0},"end":{"line":76,"column":0}},"type":"if","locations":[{"start":{"line":70,"column":0},"end":{"line":76,"column":0}},{"start":{"line":70,"column":0},"end":{"line":76,"column":0}}]},"2":{"loc":{"start":{"line":79,"column":0},"end":{"line":90,"column":0}},"type":"if","locations":[{"start":{"line":79,"column":0},"end":{"line":90,"column":0}},{"start":{"line":79,"column":0},"end":{"line":90,"column":0}}]}},"s":{"0":1,"1":0,"2":3,"3":2,"4":1,"5":1,"6":1,"7":1,"8":1,"9":1,"10":1,"11":1,"12":1,"13":1,"14":1,"15":1,"16":1,"17":0,"18":0,"19":0},"f":{"0":1,"1":0,"2":3,"3":2,"4":1,"5":1},"b":{"0":[1,1],"1":[1,0],"2":[1,0]}}
,"/Users/vanessacruz/Documents/workspace/Vouch/vouch/src/components/TriviaGame.vue": {"path":"/Users/vanessacruz/Documents/workspace/Vouch/vouch/src/components/TriviaGame.vue","statementMap":{"0":{"start":{"line":25,"column":0},"end":{"line":null,"column":-1}},"1":{"start":{"line":34,"column":0},"end":{"line":null,"column":-1}},"2":{"start":{"line":41,"column":0},"end":{"line":null,"column":-1}},"3":{"start":{"line":52,"column":0},"end":{"line":59,"column":0}},"4":{"start":{"line":53,"column":0},"end":{"line":null,"column":-1}},"5":{"start":{"line":54,"column":0},"end":{"line":59,"column":0}},"6":{"start":{"line":55,"column":0},"end":{"line":null,"column":-1}},"7":{"start":{"line":56,"column":0},"end":{"line":null,"column":-1}},"8":{"start":{"line":57,"column":0},"end":{"line":null,"column":-1}},"9":{"start":{"line":58,"column":0},"end":{"line":null,"column":-1}},"10":{"start":{"line":62,"column":0},"end":{"line":null,"column":-1}},"11":{"start":{"line":63,"column":0},"end":{"line":null,"column":-1}},"12":{"start":{"line":64,"column":0},"end":{"line":null,"column":-1}},"13":{"start":{"line":67,"column":0},"end":{"line":72,"column":0}},"14":{"start":{"line":68,"column":0},"end":{"line":null,"column":-1}},"15":{"start":{"line":69,"column":0},"end":{"line":71,"column":0}},"16":{"start":{"line":70,"column":0},"end":{"line":null,"column":-1}},"17":{"start":{"line":75,"column":0},"end":{"line":null,"column":-1}},"18":{"start":{"line":78,"column":0},"end":{"line":null,"column":-1}}},"fnMap":{"0":{"name":"_default","decl":{"start":{"line":34,"column":0},"end":{"line":null,"column":-1}},"loc":{"start":{"line":34,"column":0},"end":{"line":null,"column":-1}}},"1":{"name":"data","decl":{"start":{"line":40,"column":0},"end":{"line":null,"column":-1}},"loc":{"start":{"line":40,"column":0},"end":{"line":49,"column":0}}},"2":{"name":"startGame","decl":{"start":{"line":51,"column":0},"end":{"line":null,"column":-1}},"loc":{"start":{"line":51,"column":0},"end":{"line":60,"column":0}}},"3":{"name":"randomTerm","decl":{"start":{"line":61,"column":0},"end":{"line":null,"column":-1}},"loc":{"start":{"line":61,"column":0},"end":{"line":65,"column":0}}},"4":{"name":"onUpdateNextQuestion","decl":{"start":{"line":66,"column":0},"end":{"line":null,"column":-1}},"loc":{"start":{"line":66,"column":0},"end":{"line":73,"column":0}}},"5":{"name":"onUpdateCount","decl":{"start":{"line":74,"column":0},"end":{"line":null,"column":-1}},"loc":{"start":{"line":74,"column":0},"end":{"line":76,"column":0}}},"6":{"name":"onUpdateScore","decl":{"start":{"line":77,"column":0},"end":{"line":null,"column":-1}},"loc":{"start":{"line":77,"column":0},"end":{"line":79,"column":0}}}},"branchMap":{"0":{"loc":{"start":{"line":52,"column":0},"end":{"line":59,"column":0}},"type":"if","locations":[{"start":{"line":52,"column":0},"end":{"line":59,"column":0}},{"start":{"line":52,"column":0},"end":{"line":59,"column":0}}]},"1":{"loc":{"start":{"line":52,"column":0},"end":{"line":null,"column":-1}},"type":"binary-expr","locations":[{"start":{"line":52,"column":0},"end":{"line":null,"column":-1}},{"start":{"line":52,"column":0},"end":{"line":null,"column":-1}}]},"2":{"loc":{"start":{"line":54,"column":0},"end":{"line":59,"column":0}},"type":"if","locations":[{"start":{"line":54,"column":0},"end":{"line":59,"column":0}},{"start":{"line":54,"column":0},"end":{"line":59,"column":0}}]},"3":{"loc":{"start":{"line":54,"column":0},"end":{"line":null,"column":-1}},"type":"binary-expr","locations":[{"start":{"line":54,"column":0},"end":{"line":null,"column":-1}},{"start":{"line":54,"column":0},"end":{"line":null,"column":-1}}]},"4":{"loc":{"start":{"line":67,"column":0},"end":{"line":72,"column":0}},"type":"if","locations":[{"start":{"line":67,"column":0},"end":{"line":72,"column":0}},{"start":{"line":67,"column":0},"end":{"line":72,"column":0}}]},"5":{"loc":{"start":{"line":69,"column":0},"end":{"line":71,"column":0}},"type":"if","locations":[{"start":{"line":69,"column":0},"end":{"line":71,"column":0}},{"start":{"line":69,"column":0},"end":{"line":71,"column":0}}]}},"s":{"0":2,"1":0,"2":2,"3":2,"4":1,"5":1,"6":1,"7":1,"8":1,"9":1,"10":4,"11":4,"12":4,"13":1,"14":1,"15":1,"16":1,"17":1,"18":1},"f":{"0":0,"1":2,"2":2,"3":4,"4":1,"5":1,"6":1},"b":{"0":[1,1],"1":[2,1],"2":[1,0],"3":[1,1],"4":[1,0],"5":[1,0]}}
}
