TN:
SF:/Users/vanessacruz/Documents/workspace/Vouch/vouch/src/App.vue
FN:26,data
FNF:1
FNH:0
FNDA:0,data
DA:18,0
DA:19,0
DA:27,0
LF:3
LH:0
BRF:0
BRH:0
end_of_record
TN:
SF:/Users/vanessacruz/Documents/workspace/Vouch/vouch/src/components/FlashCard.vue
FN:28,_default
FN:35,_default
FN:45,data
FN:55,submitAnswer
FN:69,seeAnswer
FN:78,nextQuestion
FNF:6
FNH:5
FNDA:1,_default
FNDA:0,_default
FNDA:3,data
FNDA:2,submitAnswer
FNDA:1,seeAnswer
FNDA:1,nextQuestion
DA:28,1
DA:35,0
DA:46,3
DA:56,2
DA:57,1
DA:58,1
DA:59,1
DA:65,1
DA:70,1
DA:71,1
DA:79,1
DA:80,1
DA:81,1
DA:82,1
DA:83,1
DA:84,1
DA:85,1
DA:87,0
DA:88,0
DA:89,0
LF:20
LH:16
BRDA:56,0,0,1
BRDA:56,0,1,1
BRDA:70,1,0,1
BRDA:70,1,1,0
BRDA:79,2,0,1
BRDA:79,2,1,0
BRF:6
BRH:4
end_of_record
TN:
SF:/Users/vanessacruz/Documents/workspace/Vouch/vouch/src/components/TriviaGame.vue
FN:34,_default
FN:40,data
FN:51,startGame
FN:61,randomTerm
FN:66,onUpdateNextQuestion
FN:74,onUpdateCount
FN:77,onUpdateScore
FNF:7
FNH:6
FNDA:0,_default
FNDA:2,data
FNDA:2,startGame
FNDA:4,randomTerm
FNDA:1,onUpdateNextQuestion
FNDA:1,onUpdateCount
FNDA:1,onUpdateScore
DA:25,2
DA:34,0
DA:41,2
DA:52,2
DA:53,1
DA:54,1
DA:55,1
DA:56,1
DA:57,1
DA:58,1
DA:62,4
DA:63,4
DA:64,4
DA:67,1
DA:68,1
DA:69,1
DA:70,1
DA:75,1
DA:78,1
LF:19
LH:18
BRDA:52,0,0,1
BRDA:52,0,1,1
BRDA:52,1,0,2
BRDA:52,1,1,1
BRDA:54,2,0,1
BRDA:54,2,1,0
BRDA:54,3,0,1
BRDA:54,3,1,1
BRDA:67,4,0,1
BRDA:67,4,1,0
BRDA:69,5,0,1
BRDA:69,5,1,0
BRF:12
BRH:9
end_of_record
